[debug] [2024-09-08T18:46:36.248Z] ----------------------------------------------------------------------
[debug] [2024-09-08T18:46:36.250Z] Command:       /usr/local/bin/node /usr/local/share/npm-global/bin/firebase emulators:start
[debug] [2024-09-08T18:46:36.250Z] CLI Version:   13.16.0
[debug] [2024-09-08T18:46:36.250Z] Platform:      linux
[debug] [2024-09-08T18:46:36.251Z] Node Version:  v20.9.0
[debug] [2024-09-08T18:46:36.251Z] Time:          Sun Sep 08 2024 18:46:36 GMT+0000 (Coordinated Universal Time)
[debug] [2024-09-08T18:46:36.251Z] ----------------------------------------------------------------------
[debug] 
[debug] [2024-09-08T18:46:36.319Z] > command requires scopes: ["email","openid","https://www.googleapis.com/auth/cloudplatformprojects.readonly","https://www.googleapis.com/auth/firebase","https://www.googleapis.com/auth/cloud-platform"]
[debug] [2024-09-08T18:46:36.320Z] > authorizing via signed-in user (kjaz@kjazeng.com)
[debug] [2024-09-08T18:46:36.357Z] openjdk version "17.0.12" 2024-07-16

[debug] [2024-09-08T18:46:36.358Z] OpenJDK Runtime Environment (build 17.0.12+7-Debian-2deb12u1)
OpenJDK 64-Bit Server VM (build 17.0.12+7-Debian-2deb12u1, mixed mode, sharing)

[debug] [2024-09-08T18:46:36.371Z] Parsed Java major version: 17
[info] i  emulators: Starting emulators: functions, firestore, hosting, storage {"metadata":{"emulator":{"name":"hub"},"message":"Starting emulators: functions, firestore, hosting, storage"}}
[debug] [2024-09-08T18:46:36.383Z] [logging] Logging Emulator only supports listening on one address (127.0.0.1). Not listening on ::1
[debug] [2024-09-08T18:46:36.383Z] [firestore] Firestore Emulator only supports listening on one address (127.0.0.1). Not listening on ::1
[debug] [2024-09-08T18:46:36.383Z] [firestore.websocket] websocket server for firestore only supports listening on one address (127.0.0.1). Not listening on ::1
[debug] [2024-09-08T18:46:36.383Z] [hosting] Hosting Emulator only supports listening on one address (127.0.0.1). Not listening on ::1
[debug] [2024-09-08T18:46:36.383Z] [storage] Storage Emulator only supports listening on one address (127.0.0.1). Not listening on ::1
[debug] [2024-09-08T18:46:36.384Z] assigned listening specs for emulators {"user":{"hub":[{"address":"127.0.0.1","family":"IPv4","port":4400},{"address":"::1","family":"IPv6","port":4400}],"ui":[{"address":"127.0.0.1","family":"IPv4","port":4000},{"address":"::1","family":"IPv6","port":4000}],"logging":[{"address":"127.0.0.1","family":"IPv4","port":4500}],"firestore":[{"address":"127.0.0.1","family":"IPv4","port":8080}],"firestore.websocket":[{"address":"127.0.0.1","family":"IPv4","port":9150}],"hosting":[{"address":"127.0.0.1","family":"IPv4","port":5000}],"storage":[{"address":"127.0.0.1","family":"IPv4","port":9199}]},"metadata":{"message":"assigned listening specs for emulators"}}
[debug] [2024-09-08T18:46:36.387Z] [hub] writing locator at /tmp/hub-card2business.json
[debug] [2024-09-08T18:46:36.392Z] [functions] Functions Emulator only supports listening on one address (127.0.0.1). Not listening on ::1
[debug] [2024-09-08T18:46:36.392Z] [eventarc] Eventarc Emulator only supports listening on one address (127.0.0.1). Not listening on ::1
[debug] [2024-09-08T18:46:36.392Z] [tasks] Cloud Tasks Emulator only supports listening on one address (127.0.0.1). Not listening on ::1
[debug] [2024-09-08T18:46:36.392Z] late-assigned ports for functions and eventarc emulators {"user":{"hub":[{"address":"127.0.0.1","family":"IPv4","port":4400},{"address":"::1","family":"IPv6","port":4400}],"ui":[{"address":"127.0.0.1","family":"IPv4","port":4000},{"address":"::1","family":"IPv6","port":4000}],"logging":[{"address":"127.0.0.1","family":"IPv4","port":4500}],"firestore":[{"address":"127.0.0.1","family":"IPv4","port":8080}],"firestore.websocket":[{"address":"127.0.0.1","family":"IPv4","port":9150}],"hosting":[{"address":"127.0.0.1","family":"IPv4","port":5000}],"storage":[{"address":"127.0.0.1","family":"IPv4","port":9199}],"functions":[{"address":"127.0.0.1","family":"IPv4","port":5001}],"eventarc":[{"address":"127.0.0.1","family":"IPv4","port":9299}],"tasks":[{"address":"127.0.0.1","family":"IPv4","port":9499}]},"metadata":{"message":"late-assigned ports for functions and eventarc emulators"}}
[warn] ⚠  functions: The following emulators are not running, calls to these services from the Functions emulator will affect production: auth, database, pubsub, dataconnect {"metadata":{"emulator":{"name":"functions"},"message":"The following emulators are not running, calls to these services from the Functions emulator will affect production: \u001b[1mauth, database, pubsub, dataconnect\u001b[22m"}}
[debug] [2024-09-08T18:46:36.394Z] defaultcredentials: writing to file /root/.config/firebase/kjaz_kjazeng_com_application_default_credentials.json
[debug] [2024-09-08T18:46:36.396Z] Setting GAC to /root/.config/firebase/kjaz_kjazeng_com_application_default_credentials.json {"metadata":{"emulator":{"name":"functions"},"message":"Setting GAC to /root/.config/firebase/kjaz_kjazeng_com_application_default_credentials.json"}}
[debug] [2024-09-08T18:46:36.398Z] > refreshing access token with scopes: []
[debug] [2024-09-08T18:46:36.399Z] >>> [apiv2][query] POST https://www.googleapis.com/oauth2/v3/token [none]
[debug] [2024-09-08T18:46:36.399Z] >>> [apiv2][body] POST https://www.googleapis.com/oauth2/v3/token [omitted]
[debug] [2024-09-08T18:46:36.523Z] <<< [apiv2][status] POST https://www.googleapis.com/oauth2/v3/token 200
[debug] [2024-09-08T18:46:36.523Z] <<< [apiv2][body] POST https://www.googleapis.com/oauth2/v3/token [omitted]
[debug] [2024-09-08T18:46:36.531Z] >>> [apiv2][query] GET https://firebase.googleapis.com/v1beta1/projects/card2business/adminSdkConfig [none]
[debug] [2024-09-08T18:46:37.252Z] <<< [apiv2][status] GET https://firebase.googleapis.com/v1beta1/projects/card2business/adminSdkConfig 200
[debug] [2024-09-08T18:46:37.252Z] <<< [apiv2][body] GET https://firebase.googleapis.com/v1beta1/projects/card2business/adminSdkConfig {"projectId":"card2business","storageBucket":"card2business.appspot.com","locationId":"us-central"}
[debug] [2024-09-08T18:46:37.266Z] Ignoring unsupported arg: auto_download {"metadata":{"emulator":{"name":"firestore"},"message":"Ignoring unsupported arg: auto_download"}}
[debug] [2024-09-08T18:46:37.267Z] Ignoring unsupported arg: single_project_mode_error {"metadata":{"emulator":{"name":"firestore"},"message":"Ignoring unsupported arg: single_project_mode_error"}}
[debug] [2024-09-08T18:46:37.267Z] Starting Firestore Emulator with command {"binary":"java","args":["-Dgoogle.cloud_firestore.debug_log_level=FINE","-Duser.language=en","-jar","/root/.cache/firebase/emulators/cloud-firestore-emulator-v1.19.8.jar","--host","127.0.0.1","--port",8080,"--websocket_port",9150,"--project_id","card2business","--rules","/project/workspace/firestore.rules","--single_project_mode",true,"--functions_emulator","127.0.0.1:5001"],"optionalArgs":["port","webchannel_port","host","rules","websocket_port","functions_emulator","seed_from_export","project_id","single_project_mode"],"joinArgs":false,"shell":false} {"metadata":{"emulator":{"name":"firestore"},"message":"Starting Firestore Emulator with command {\"binary\":\"java\",\"args\":[\"-Dgoogle.cloud_firestore.debug_log_level=FINE\",\"-Duser.language=en\",\"-jar\",\"/root/.cache/firebase/emulators/cloud-firestore-emulator-v1.19.8.jar\",\"--host\",\"127.0.0.1\",\"--port\",8080,\"--websocket_port\",9150,\"--project_id\",\"card2business\",\"--rules\",\"/project/workspace/firestore.rules\",\"--single_project_mode\",true,\"--functions_emulator\",\"127.0.0.1:5001\"],\"optionalArgs\":[\"port\",\"webchannel_port\",\"host\",\"rules\",\"websocket_port\",\"functions_emulator\",\"seed_from_export\",\"project_id\",\"single_project_mode\"],\"joinArgs\":false,\"shell\":false}"}}
[info] i  firestore: Firestore Emulator logging to firestore-debug.log {"metadata":{"emulator":{"name":"firestore"},"message":"Firestore Emulator logging to \u001b[1mfirestore-debug.log\u001b[22m"}}
[debug] [2024-09-08T18:46:38.197Z] Sep 08, 2024 6:46:38 PM com.google.cloud.datastore.emulator.firestore.websocket.WebSocketServer start
INFO: Started WebSocket server on ws://127.0.0.1:9150
 {"metadata":{"emulator":{"name":"firestore"},"message":"Sep 08, 2024 6:46:38 PM com.google.cloud.datastore.emulator.firestore.websocket.WebSocketServer start\nINFO: Started WebSocket server on ws://127.0.0.1:9150\n"}}
[debug] [2024-09-08T18:46:38.218Z] API endpoint: http:// {"metadata":{"emulator":{"name":"firestore"},"message":"API endpoint: http://"}}
[debug] [2024-09-08T18:46:38.218Z] 127.0.0.1:8080
If you are using a library that supports the FIRESTORE_EMULATOR_HOST environment variable, run:

   export FIRESTORE_EMULATOR_HOST=127.0.0.1:8080

If you are running a Firestore in Datastore Mode project, run:

   export DATASTORE_EMULATOR_HOST=127.0.0.1:8080

Note: Support for Datastore Mode is in preview. If you encounter any bugs please file at https://github.com/firebase/firebase-tools/issues.
Dev App Server is now running.

 {"metadata":{"emulator":{"name":"firestore"},"message":"127.0.0.1:8080\nIf you are using a library that supports the FIRESTORE_EMULATOR_HOST environment variable, run:\n\n   export FIRESTORE_EMULATOR_HOST=127.0.0.1:8080\n\nIf you are running a Firestore in Datastore Mode project, run:\n\n   export DATASTORE_EMULATOR_HOST=127.0.0.1:8080\n\nNote: Support for Datastore Mode is in preview. If you encounter any bugs please file at https://github.com/firebase/firebase-tools/issues.\nDev App Server is now running.\n\n"}}
[info] ✔  firestore: Firestore Emulator UI websocket is running on 9150. {"metadata":{"emulator":{"name":"firestore"},"message":"Firestore Emulator UI websocket is running on 9150."}}
[debug] [2024-09-08T18:46:38.283Z] Ignoring unsupported arg: port {"metadata":{"emulator":{"name":"storage"},"message":"Ignoring unsupported arg: port"}}
[debug] [2024-09-08T18:46:39.082Z] Temp file directory for storage emulator: /tmp/firebase/storage/blobs {"metadata":{"emulator":{"name":"storage"},"message":"Temp file directory for storage emulator: /tmp/firebase/storage/blobs"}}
[debug] [2024-09-08T18:46:39.086Z] >>> [apiv2][query] GET https://firebasehosting.googleapis.com/v1beta1/projects/card2business/sites 
[debug] [2024-09-08T18:46:40.261Z] <<< [apiv2][status] GET https://firebasehosting.googleapis.com/v1beta1/projects/card2business/sites 200
[debug] [2024-09-08T18:46:40.261Z] <<< [apiv2][body] GET https://firebasehosting.googleapis.com/v1beta1/projects/card2business/sites {"sites":[{"name":"projects/card2business/sites/card2business","defaultUrl":"https://card2business.web.app","appId":"1:1057466957786:web:4b470b94ab40b25a944ae3","type":"DEFAULT_SITE"}]}
[debug] [2024-09-08T18:46:40.262Z] >>> [apiv2][query] GET https://firebase.googleapis.com/v1beta1/projects/card2business/webApps/1:1057466957786:web:4b470b94ab40b25a944ae3/config [none]
[debug] [2024-09-08T18:46:41.119Z] <<< [apiv2][status] GET https://firebase.googleapis.com/v1beta1/projects/card2business/webApps/1:1057466957786:web:4b470b94ab40b25a944ae3/config 200
[debug] [2024-09-08T18:46:41.119Z] <<< [apiv2][body] GET https://firebase.googleapis.com/v1beta1/projects/card2business/webApps/1:1057466957786:web:4b470b94ab40b25a944ae3/config {"projectId":"card2business","appId":"1:1057466957786:web:4b470b94ab40b25a944ae3","storageBucket":"card2business.appspot.com","locationId":"us-central","apiKey":"AIzaSyAEXif6bmBF9y6-PyRZO1sJT3ZoB9g4CzI","authDomain":"card2business.firebaseapp.com","messagingSenderId":"1057466957786","measurementId":"G-XS0N0FPLP6"}
[debug] [2024-09-08T18:46:41.125Z] >>> [apiv2][query] GET https://firebase.googleapis.com/v1beta1/projects/card2business [none]
[debug] [2024-09-08T18:46:41.356Z] <<< [apiv2][status] GET https://firebase.googleapis.com/v1beta1/projects/card2business 200
[debug] [2024-09-08T18:46:41.356Z] <<< [apiv2][body] GET https://firebase.googleapis.com/v1beta1/projects/card2business {"projectId":"card2business","projectNumber":"1057466957786","displayName":"Card2Business","name":"projects/card2business","resources":{"hostingSite":"card2business","storageBucket":"card2business.appspot.com","locationId":"us-central"},"state":"ACTIVE","etag":"1_54742028-f417-497a-8a09-7e5ed394aef3"}
[info] i  hosting[card2business]: Serving hosting files from: dist {"metadata":{"emulator":{"name":"hosting"},"message":"Serving hosting files from: \u001b[1mdist\u001b[22m"}}
[info] ✔  hosting[card2business]: Local server: http://127.0.0.1:5000 {"metadata":{"emulator":{"name":"hosting"},"message":"Local server: \u001b[4m\u001b[1mhttp://127.0.0.1:5000\u001b[22m\u001b[24m"}}
[debug] [2024-09-08T18:46:41.365Z] Ignoring unsupported arg: auto_download {"metadata":{"emulator":{"name":"ui"},"message":"Ignoring unsupported arg: auto_download"}}
[debug] [2024-09-08T18:46:41.366Z] Ignoring unsupported arg: port {"metadata":{"emulator":{"name":"ui"},"message":"Ignoring unsupported arg: port"}}
[debug] [2024-09-08T18:46:41.366Z] Starting Emulator UI with command {"binary":"node","args":["/root/.cache/firebase/emulators/ui-v1.13.0/server/server.mjs"],"optionalArgs":[],"joinArgs":false,"shell":false} {"metadata":{"emulator":{"name":"ui"},"message":"Starting Emulator UI with command {\"binary\":\"node\",\"args\":[\"/root/.cache/firebase/emulators/ui-v1.13.0/server/server.mjs\"],\"optionalArgs\":[],\"joinArgs\":false,\"shell\":false}"}}
[info] i  ui: Emulator UI logging to ui-debug.log {"metadata":{"emulator":{"name":"ui"},"message":"Emulator UI logging to \u001b[1mui-debug.log\u001b[22m"}}
[debug] [2024-09-08T18:46:41.474Z] Web / API server started at 127.0.0.1:4000
 {"metadata":{"emulator":{"name":"ui"},"message":"Web / API server started at 127.0.0.1:4000\n"}}
[debug] [2024-09-08T18:46:41.475Z] Web / API server started at ::1:4000
 {"metadata":{"emulator":{"name":"ui"},"message":"Web / API server started at ::1:4000\n"}}
[info] i  functions: Watching "/project/workspace/functions" for Cloud Functions... {"metadata":{"emulator":{"name":"functions"},"message":"Watching \"/project/workspace/functions\" for Cloud Functions..."}}
[debug] [2024-09-08T18:46:41.584Z] Validating nodejs source
[debug] [2024-09-08T18:46:42.047Z] > [functions] package.json contents: {
  "name": "functions",
  "description": "Cloud Functions for Firebase",
  "scripts": {
    "lint": "eslint .",
    "serve": "firebase emulators:start --only functions",
    "shell": "firebase functions:shell",
    "start": "npm run shell",
    "deploy": "firebase deploy --only functions",
    "logs": "firebase functions:log"
  },
  "engines": {
    "node": "18"
  },
  "main": "index.js",
  "dependencies": {
    "@typescript-eslint/eslint-plugin": "^8.4.0",
    "@typescript-eslint/parser": "^8.4.0",
    "firebase-admin": "^12.1.0",
    "firebase-functions": "^5.0.0",
    "moment": "^2.30.1"
  },
  "devDependencies": {
    "eslint": "^8.57.0",
    "eslint-config-google": "^0.14.0",
    "firebase-functions-test": "^3.1.0"
  },
  "private": true
}
[debug] [2024-09-08T18:46:42.047Z] Building nodejs source
[debug] [2024-09-08T18:46:42.048Z] Failed to find version of module node: reached end of search path /project/workspace/functions/node_modules
[warn] ⚠  functions: Your requested "node" version "18" doesn't match your global version "20". Using node@20 from host. 
[debug] [2024-09-08T18:46:42.050Z] Could not find functions.yaml. Must use http discovery
[debug] [2024-09-08T18:46:42.054Z] Found firebase-functions binary at '/project/workspace/functions/node_modules/.bin/firebase-functions'
[info] Serving at port 8801

[debug] [2024-09-08T18:46:42.339Z] Got response from /__/functions.yaml {"endpoints":{"deleteInactiveUsers":{"platform":"gcfv1","availableMemoryMb":null,"timeoutSeconds":null,"minInstances":null,"maxInstances":null,"ingressSettings":null,"serviceAccountEmail":null,"vpc":null,"scheduleTrigger":{"schedule":"every 24 hours","retryConfig":{"retryCount":null,"maxDoublings":null,"maxRetryDuration":null,"maxBackoffDuration":null,"minBackoffDuration":null},"timeZone":null},"labels":{},"entryPoint":"deleteInactiveUsers"},"deleteOldNotes":{"platform":"gcfv1","availableMemoryMb":null,"timeoutSeconds":null,"minInstances":null,"maxInstances":null,"ingressSettings":null,"serviceAccountEmail":null,"vpc":null,"scheduleTrigger":{"schedule":"every 24 hours","retryConfig":{"retryCount":null,"maxDoublings":null,"maxRetryDuration":null,"maxBackoffDuration":null,"minBackoffDuration":null},"timeZone":null},"labels":{},"entryPoint":"deleteOldNotes"}},"specVersion":"v1alpha1","requiredAPIs":[{"api":"cloudscheduler.googleapis.com","reason":"Needed for scheduled functions."}],"extensions":{}}
[info] ✔  functions: Loaded functions definitions from source: deleteInactiveUsers, deleteOldNotes. {"metadata":{"emulator":{"name":"functions"},"message":"Loaded functions definitions from source: deleteInactiveUsers, deleteOldNotes."}}
[info] i  functions[us-central1-deleteInactiveUsers]: function ignored because the pubsub emulator does not exist or is not running. {"metadata":{"emulator":{"name":"functions"},"message":"function ignored because the pubsub emulator does not exist or is not running."}}
[info] i  functions[us-central1-deleteOldNotes]: function ignored because the pubsub emulator does not exist or is not running. {"metadata":{"emulator":{"name":"functions"},"message":"function ignored because the pubsub emulator does not exist or is not running."}}
[info] 
┌─────────────────────────────────────────────────────────────┐
│ ✔  All emulators ready! It is now safe to connect your app. │
│ i  View Emulator UI at http://127.0.0.1:4000/               │
└─────────────────────────────────────────────────────────────┘

┌───────────┬────────────────┬─────────────────────────────────┐
│ Emulator  │ Host:Port      │ View in Emulator UI             │
├───────────┼────────────────┼─────────────────────────────────┤
│ Functions │ 127.0.0.1:5001 │ http://127.0.0.1:4000/functions │
├───────────┼────────────────┼─────────────────────────────────┤
│ Firestore │ 127.0.0.1:8080 │ http://127.0.0.1:4000/firestore │
├───────────┼────────────────┼─────────────────────────────────┤
│ Hosting   │ 127.0.0.1:5000 │ n/a                             │
├───────────┼────────────────┼─────────────────────────────────┤
│ Storage   │ 127.0.0.1:9199 │ http://127.0.0.1:4000/storage   │
└───────────┴────────────────┴─────────────────────────────────┘
  Emulator Hub running at 127.0.0.1:4400
  Other reserved ports: 4500, 9150

Issues? Report them at https://github.com/firebase/firebase-tools/issues and attach the *-debug.log files.
 
[debug] [2024-09-08T18:58:18.128Z] Functions emulator received unknown request at path /
[debug] [2024-09-08T18:59:45.066Z] Functions emulator received unknown request at path /
[debug] [2024-09-08T19:13:16.519Z] Received signal SIGHUP 1
[info]  
[info] i  emulators: Received SIGHUP for the first time. Starting a clean shutdown. 
[info] i  emulators: Please wait for a clean shutdown or send the SIGHUP signal again to stop right now. 
[info] i  emulators: Shutting down emulators. {"metadata":{"emulator":{"name":"hub"},"message":"Shutting down emulators."}}
[info] i  ui: Stopping Emulator UI {"metadata":{"emulator":{"name":"ui"},"message":"Stopping Emulator UI"}}
[debug] [2024-09-08T19:13:16.521Z] Ignoring signal SIGHUP due to short delay of 2ms
[warn] ⚠  Emulator UI has exited upon receiving signal: SIGINT 
[info] i  functions: Stopping Functions Emulator {"metadata":{"emulator":{"name":"functions"},"message":"Stopping Functions Emulator"}}
[info] i  hosting: Stopping Hosting Emulator {"metadata":{"emulator":{"name":"hosting"},"message":"Stopping Hosting Emulator"}}
[info] i  firestore: Stopping Firestore Emulator {"metadata":{"emulator":{"name":"firestore"},"message":"Stopping Firestore Emulator"}}
[debug] [2024-09-08T19:13:16.531Z] *** shutting down gRPC server since JVM is shutting down
 {"metadata":{"emulator":{"name":"firestore"},"message":"*** shutting down gRPC server since JVM is shutting down\n"}}
[debug] [2024-09-08T19:13:16.561Z] 24 {"metadata":{"emulator":{"name":"firestore"},"message":"24"}}
[debug] [2024-09-08T19:13:16.570Z] 09 {"metadata":{"emulator":{"name":"firestore"},"message":"09"}}
[debug] [2024-09-08T19:13:16.574Z] 08 19:13:16.539:I 1 [main] [com.google.cloud.datastore.emulator.firestore.websocket.WebSocketServer.stop:80] Stopping WebSocket server...
*** server shut down
 {"metadata":{"emulator":{"name":"firestore"},"message":"08 19:13:16.539:I 1 [main] [com.google.cloud.datastore.emulator.firestore.websocket.WebSocketServer.stop:80] Stopping WebSocket server...\n*** server shut down\n"}}
[info] i  storage: Stopping Storage Emulator {"metadata":{"emulator":{"name":"storage"},"message":"Stopping Storage Emulator"}}
[debug] [2024-09-08T19:13:16.610Z] Stopping rules runtime. {"metadata":{"emulator":{"name":"storage"},"message":"Stopping rules runtime."}}
[info] i  eventarc: Stopping Eventarc Emulator {"metadata":{"emulator":{"name":"eventarc"},"message":"Stopping Eventarc Emulator"}}
[debug] [2024-09-08T19:13:16.851Z] Error: write EIO
    at afterWriteDispatched (node:internal/stream_base_commons:160:15)
    at writeGeneric (node:internal/stream_base_commons:151:3)
    at Socket._writeGeneric (node:net:952:11)
    at Socket._write (node:net:964:8)
    at writeOrBuffer (node:internal/streams/writable:447:12)
    at _write (node:internal/streams/writable:389:10)
    at Writable.write (node:internal/streams/writable:393:10)
    at Console.log (/usr/local/share/npm-global/lib/node_modules/firebase-tools/node_modules/winston/lib/winston/transports/console.js:87:23)
    at Console._write (/usr/local/share/npm-global/lib/node_modules/firebase-tools/node_modules/winston-transport/modern.js:103:17)
    at doWrite (/usr/local/share/npm-global/lib/node_modules/firebase-tools/node_modules/winston-transport/node_modules/readable-stream/lib/_stream_writable.js:390:139)
[error] 
[error] Error: An unexpected error has occurred.
[debug] [2024-09-08T19:13:16.853Z] Error: write EIO
    at afterWriteDispatched (node:internal/stream_base_commons:160:15)
    at writeGeneric (node:internal/stream_base_commons:151:3)
    at Socket._writeGeneric (node:net:952:11)
    at Socket._write (node:net:964:8)
    at writeOrBuffer (node:internal/streams/writable:447:12)
    at _write (node:internal/streams/writable:389:10)
    at Writable.write (node:internal/streams/writable:393:10)
    at Console.log (/usr/local/share/npm-global/lib/node_modules/firebase-tools/node_modules/winston/lib/winston/transports/console.js:87:23)
    at Console._write (/usr/local/share/npm-global/lib/node_modules/firebase-tools/node_modules/winston-transport/modern.js:103:17)
    at doWrite (/usr/local/share/npm-global/lib/node_modules/firebase-tools/node_modules/winston-transport/node_modules/readable-stream/lib/_stream_writable.js:390:139)
[error] 
[error] Error: An unexpected error has occurred.
[debug] [2024-09-08T19:13:16.853Z] Error: write EIO
    at afterWriteDispatched (node:internal/stream_base_commons:160:15)
    at writeGeneric (node:internal/stream_base_commons:151:3)
    at Socket._writeGeneric (node:net:952:11)
    at Socket._write (node:net:964:8)
    at writeOrBuffer (node:internal/streams/writable:447:12)
    at _write (node:internal/streams/writable:389:10)
    at Writable.write (node:internal/streams/writable:393:10)
    at Console.log (/usr/local/share/npm-global/lib/node_modules/firebase-tools/node_modules/winston/lib/winston/transports/console.js:87:23)
    at Console._write (/usr/local/share/npm-global/lib/node_modules/firebase-tools/node_modules/winston-transport/modern.js:103:17)
    at doWrite (/usr/local/share/npm-global/lib/node_modules/firebase-tools/node_modules/winston-transport/node_modules/readable-stream/lib/_stream_writable.js:390:139)
[error] 
[error] Error: An unexpected error has occurred.
[debug] [2024-09-08T19:13:16.854Z] Error: write EIO
    at afterWriteDispatched (node:internal/stream_base_commons:160:15)
    at writeGeneric (node:internal/stream_base_commons:151:3)
    at Socket._writeGeneric (node:net:952:11)
    at Socket._write (node:net:964:8)
    at writeOrBuffer (node:internal/streams/writable:447:12)
    at _write (node:internal/streams/writable:389:10)
    at Writable.write (node:internal/streams/writable:393:10)
    at Console.log (/usr/local/share/npm-global/lib/node_modules/firebase-tools/node_modules/winston/lib/winston/transports/console.js:87:23)
    at Console._write (/usr/local/share/npm-global/lib/node_modules/firebase-tools/node_modules/winston-transport/modern.js:103:17)
    at doWrite (/usr/local/share/npm-global/lib/node_modules/firebase-tools/node_modules/winston-transport/node_modules/readable-stream/lib/_stream_writable.js:390:139)
[error] 
[error] Error: An unexpected error has occurred.
[debug] [2024-09-08T19:13:16.854Z] Error: write EIO
    at afterWriteDispatched (node:internal/stream_base_commons:160:15)
    at writeGeneric (node:internal/stream_base_commons:151:3)
    at Socket._writeGeneric (node:net:952:11)
    at Socket._write (node:net:964:8)
    at writeOrBuffer (node:internal/streams/writable:447:12)
    at _write (node:internal/streams/writable:389:10)
    at Writable.write (node:internal/streams/writable:393:10)
    at Console.log (/usr/local/share/npm-global/lib/node_modules/firebase-tools/node_modules/winston/lib/winston/transports/console.js:87:23)
    at Console._write (/usr/local/share/npm-global/lib/node_modules/firebase-tools/node_modules/winston-transport/modern.js:103:17)
    at doWrite (/usr/local/share/npm-global/lib/node_modules/firebase-tools/node_modules/winston-transport/node_modules/readable-stream/lib/_stream_writable.js:390:139)
[error] 
[error] Error: An unexpected error has occurred.
[debug] [2024-09-08T19:13:16.854Z] Error: write EIO
    at afterWriteDispatched (node:internal/stream_base_commons:160:15)
    at writeGeneric (node:internal/stream_base_commons:151:3)
    at Socket._writeGeneric (node:net:952:11)
    at Socket._write (node:net:964:8)
    at writeOrBuffer (node:internal/streams/writable:447:12)
    at _write (node:internal/streams/writable:389:10)
    at Writable.write (node:internal/streams/writable:393:10)
    at Console.log (/usr/local/share/npm-global/lib/node_modules/firebase-tools/node_modules/winston/lib/winston/transports/console.js:87:23)
    at Console._write (/usr/local/share/npm-global/lib/node_modules/firebase-tools/node_modules/winston-transport/modern.js:103:17)
    at doWrite (/usr/local/share/npm-global/lib/node_modules/firebase-tools/node_modules/winston-transport/node_modules/readable-stream/lib/_stream_writable.js:390:139)
[error] 
[error] Error: An unexpected error has occurred.
[debug] [2024-09-08T19:13:16.855Z] Error: write EIO
    at afterWriteDispatched (node:internal/stream_base_commons:160:15)
    at writeGeneric (node:internal/stream_base_commons:151:3)
    at Socket._writeGeneric (node:net:952:11)
    at Socket._write (node:net:964:8)
    at writeOrBuffer (node:internal/streams/writable:447:12)
    at _write (node:internal/streams/writable:389:10)
    at Writable.write (node:internal/streams/writable:393:10)
    at Console.log (/usr/local/share/npm-global/lib/node_modules/firebase-tools/node_modules/winston/lib/winston/transports/console.js:87:23)
    at Console._write (/usr/local/share/npm-global/lib/node_modules/firebase-tools/node_modules/winston-transport/modern.js:103:17)
    at doWrite (/usr/local/share/npm-global/lib/node_modules/firebase-tools/node_modules/winston-transport/node_modules/readable-stream/lib/_stream_writable.js:390:139)
[error] 
[error] Error: An unexpected error has occurred.
[debug] [2024-09-08T19:13:16.855Z] Error: write EIO
    at afterWriteDispatched (node:internal/stream_base_commons:160:15)
    at writeGeneric (node:internal/stream_base_commons:151:3)
    at Socket._writeGeneric (node:net:952:11)
    at Socket._write (node:net:964:8)
    at writeOrBuffer (node:internal/streams/writable:447:12)
    at _write (node:internal/streams/writable:389:10)
    at Writable.write (node:internal/streams/writable:393:10)
    at Console.log (/usr/local/share/npm-global/lib/node_modules/firebase-tools/node_modules/winston/lib/winston/transports/console.js:87:23)
    at Console._write (/usr/local/share/npm-global/lib/node_modules/firebase-tools/node_modules/winston-transport/modern.js:103:17)
    at doWrite (/usr/local/share/npm-global/lib/node_modules/firebase-tools/node_modules/winston-transport/node_modules/readable-stream/lib/_stream_writable.js:390:139)
[error] 
[error] Error: An unexpected error has occurred.
[debug] [2024-09-08T19:13:16.856Z] Error: write EIO
    at afterWriteDispatched (node:internal/stream_base_commons:160:15)
    at writeGeneric (node:internal/stream_base_commons:151:3)
    at Socket._writeGeneric (node:net:952:11)
    at Socket._write (node:net:964:8)
    at writeOrBuffer (node:internal/streams/writable:447:12)
    at _write (node:internal/streams/writable:389:10)
    at Writable.write (node:internal/streams/writable:393:10)
    at Console.log (/usr/local/share/npm-global/lib/node_modules/firebase-tools/node_modules/winston/lib/winston/transports/console.js:87:23)
    at Console._write (/usr/local/share/npm-global/lib/node_modules/firebase-tools/node_modules/winston-transport/modern.js:103:17)
    at doWrite (/usr/local/share/npm-global/lib/node_modules/firebase-tools/node_modules/winston-transport/node_modules/readable-stream/lib/_stream_writable.js:390:139)
[error] 
[error] Error: An unexpected error has occurred.
[debug] [2024-09-08T19:13:16.856Z] Error: write EIO
    at afterWriteDispatched (node:internal/stream_base_commons:160:15)
    at writeGeneric (node:internal/stream_base_commons:151:3)
    at Socket._writeGeneric (node:net:952:11)
    at Socket._write (node:net:964:8)
    at writeOrBuffer (node:internal/streams/writable:447:12)
    at _write (node:internal/streams/writable:389:10)
    at Writable.write (node:internal/streams/writable:393:10)
    at Console.log (/usr/local/share/npm-global/lib/node_modules/firebase-tools/node_modules/winston/lib/winston/transports/console.js:87:23)
    at Console._write (/usr/local/share/npm-global/lib/node_modules/firebase-tools/node_modules/winston-transport/modern.js:103:17)
    at doWrite (/usr/local/share/npm-global/lib/node_modules/firebase-tools/node_modules/winston-transport/node_modules/readable-stream/lib/_stream_writable.js:390:139)
[error] 
[error] Error: An unexpected error has occurred.
[debug] [2024-09-08T19:13:16.856Z] Error: write EIO
    at afterWriteDispatched (node:internal/stream_base_commons:160:15)
    at writeGeneric (node:internal/stream_base_commons:151:3)
    at Socket._writeGeneric (node:net:952:11)
    at Socket._write (node:net:964:8)
    at writeOrBuffer (node:internal/streams/writable:447:12)
    at _write (node:internal/streams/writable:389:10)
    at Writable.write (node:internal/streams/writable:393:10)
    at Console.log (/usr/local/share/npm-global/lib/node_modules/firebase-tools/node_modules/winston/lib/winston/transports/console.js:87:23)
    at Console._write (/usr/local/share/npm-global/lib/node_modules/firebase-tools/node_modules/winston-transport/modern.js:103:17)
    at doWrite (/usr/local/share/npm-global/lib/node_modules/firebase-tools/node_modules/winston-transport/node_modules/readable-stream/lib/_stream_writable.js:390:139)
[error] 
[error] Error: An unexpected error has occurred.
[debug] [2024-09-08T19:13:16.857Z] Error: write EIO
    at afterWriteDispatched (node:internal/stream_base_commons:160:15)
    at writeGeneric (node:internal/stream_base_commons:151:3)
    at Socket._writeGeneric (node:net:952:11)
    at Socket._write (node:net:964:8)
    at writeOrBuffer (node:internal/streams/writable:447:12)
    at _write (node:internal/streams/writable:389:10)
    at Writable.write (node:internal/streams/writable:393:10)
    at Console.log (/usr/local/share/npm-global/lib/node_modules/firebase-tools/node_modules/winston/lib/winston/transports/console.js:87:23)
    at Console._write (/usr/local/share/npm-global/lib/node_modules/firebase-tools/node_modules/winston-transport/modern.js:103:17)
    at doWrite (/usr/local/share/npm-global/lib/node_modules/firebase-tools/node_modules/winston-transport/node_modules/readable-stream/lib/_stream_writable.js:390:139)
[error] 
[error] Error: An unexpected error has occurred.
[debug] [2024-09-08T19:13:16.857Z] Error: write EIO
    at afterWriteDispatched (node:internal/stream_base_commons:160:15)
    at writeGeneric (node:internal/stream_base_commons:151:3)
    at Socket._writeGeneric (node:net:952:11)
    at Socket._write (node:net:964:8)
    at writeOrBuffer (node:internal/streams/writable:447:12)
    at _write (node:internal/streams/writable:389:10)
    at Writable.write (node:internal/streams/writable:393:10)
    at Console.log (/usr/local/share/npm-global/lib/node_modules/firebase-tools/node_modules/winston/lib/winston/transports/console.js:87:23)
    at Console._write (/usr/local/share/npm-global/lib/node_modules/firebase-tools/node_modules/winston-transport/modern.js:103:17)
    at doWrite (/usr/local/share/npm-global/lib/node_modules/firebase-tools/node_modules/winston-transport/node_modules/readable-stream/lib/_stream_writable.js:390:139)
[error] 
[error] Error: An unexpected error has occurred.
[debug] [2024-09-08T19:13:16.858Z] Error: write EIO
    at afterWriteDispatched (node:internal/stream_base_commons:160:15)
    at writeGeneric (node:internal/stream_base_commons:151:3)
    at Socket._writeGeneric (node:net:952:11)
    at Socket._write (node:net:964:8)
    at writeOrBuffer (node:internal/streams/writable:447:12)
    at _write (node:internal/streams/writable:389:10)
    at Writable.write (node:internal/streams/writable:393:10)
    at Console.log (/usr/local/share/npm-global/lib/node_modules/firebase-tools/node_modules/winston/lib/winston/transports/console.js:87:23)
    at Console._write (/usr/local/share/npm-global/lib/node_modules/firebase-tools/node_modules/winston-transport/modern.js:103:17)
    at doWrite (/usr/local/share/npm-global/lib/node_modules/firebase-tools/node_modules/winston-transport/node_modules/readable-stream/lib/_stream_writable.js:390:139)
[error] 
[error] Error: An unexpected error has occurred.
[debug] [2024-09-08T19:13:16.858Z] Error: write EIO
    at afterWriteDispatched (node:internal/stream_base_commons:160:15)
    at writeGeneric (node:internal/stream_base_commons:151:3)
    at Socket._writeGeneric (node:net:952:11)
    at Socket._write (node:net:964:8)
    at writeOrBuffer (node:internal/streams/writable:447:12)
    at _write (node:internal/streams/writable:389:10)
    at Writable.write (node:internal/streams/writable:393:10)
    at Console.log (/usr/local/share/npm-global/lib/node_modules/firebase-tools/node_modules/winston/lib/winston/transports/console.js:87:23)
    at Console._write (/usr/local/share/npm-global/lib/node_modules/firebase-tools/node_modules/winston-transport/modern.js:103:17)
    at doWrite (/usr/local/share/npm-global/lib/node_modules/firebase-tools/node_modules/winston-transport/node_modules/readable-stream/lib/_stream_writable.js:390:139)
[error] 
[error] Error: An unexpected error has occurred.
[debug] [2024-09-08T19:13:16.858Z] Error: write EIO
    at afterWriteDispatched (node:internal/stream_base_commons:160:15)
    at writeGeneric (node:internal/stream_base_commons:151:3)
    at Socket._writeGeneric (node:net:952:11)
    at Socket._write (node:net:964:8)
    at writeOrBuffer (node:internal/streams/writable:447:12)
    at _write (node:internal/streams/writable:389:10)
    at Writable.write (node:internal/streams/writable:393:10)
    at Console.log (/usr/local/share/npm-global/lib/node_modules/firebase-tools/node_modules/winston/lib/winston/transports/console.js:87:23)
    at Console._write (/usr/local/share/npm-global/lib/node_modules/firebase-tools/node_modules/winston-transport/modern.js:103:17)
    at doWrite (/usr/local/share/npm-global/lib/node_modules/firebase-tools/node_modules/winston-transport/node_modules/readable-stream/lib/_stream_writable.js:390:139)
[error] 
[error] Error: An unexpected error has occurred.
[debug] [2024-09-08T19:13:16.859Z] Error: write EIO
    at afterWriteDispatched (node:internal/stream_base_commons:160:15)
    at writeGeneric (node:internal/stream_base_commons:151:3)
    at Socket._writeGeneric (node:net:952:11)
    at Socket._write (node:net:964:8)
    at writeOrBuffer (node:internal/streams/writable:447:12)
    at _write (node:internal/streams/writable:389:10)
    at Writable.write (node:internal/streams/writable:393:10)
    at Console.log (/usr/local/share/npm-global/lib/node_modules/firebase-tools/node_modules/winston/lib/winston/transports/console.js:87:23)
    at Console._write (/usr/local/share/npm-global/lib/node_modules/firebase-tools/node_modules/winston-transport/modern.js:103:17)
    at doWrite (/usr/local/share/npm-global/lib/node_modules/firebase-tools/node_modules/winston-transport/node_modules/readable-stream/lib/_stream_writable.js:390:139)
[error] 
[error] Error: An unexpected error has occurred.
[debug] [2024-09-08T19:13:16.859Z] Error: write EIO
    at afterWriteDispatched (node:internal/stream_base_commons:160:15)
    at writeGeneric (node:internal/stream_base_commons:151:3)
    at Socket._writeGeneric (node:net:952:11)
    at Socket._write (node:net:964:8)
    at writeOrBuffer (node:internal/streams/writable:447:12)
    at _write (node:internal/streams/writable:389:10)
    at Writable.write (node:internal/streams/writable:393:10)
    at Console.log (/usr/local/share/npm-global/lib/node_modules/firebase-tools/node_modules/winston/lib/winston/transports/console.js:87:23)
    at Console._write (/usr/local/share/npm-global/lib/node_modules/firebase-tools/node_modules/winston-transport/modern.js:103:17)
    at doWrite (/usr/local/share/npm-global/lib/node_modules/firebase-tools/node_modules/winston-transport/node_modules/readable-stream/lib/_stream_writable.js:390:139)
[debug] [2024-09-08T19:15:02.097Z] ----------------------------------------------------------------------
[debug] [2024-09-08T19:15:02.099Z] Command:       /usr/local/bin/node /usr/local/share/npm-global/bin/firebase emulators:start
[debug] [2024-09-08T19:15:02.099Z] CLI Version:   13.16.0
[debug] [2024-09-08T19:15:02.100Z] Platform:      linux
[debug] [2024-09-08T19:15:02.100Z] Node Version:  v20.9.0
[debug] [2024-09-08T19:15:02.100Z] Time:          Sun Sep 08 2024 19:15:02 GMT+0000 (Coordinated Universal Time)
[debug] [2024-09-08T19:15:02.100Z] ----------------------------------------------------------------------
[debug] 
[debug] [2024-09-08T19:15:02.162Z] > command requires scopes: ["email","openid","https://www.googleapis.com/auth/cloudplatformprojects.readonly","https://www.googleapis.com/auth/firebase","https://www.googleapis.com/auth/cloud-platform"]
[debug] [2024-09-08T19:15:02.163Z] > authorizing via signed-in user (kjaz@kjazeng.com)
[debug] [2024-09-08T19:15:02.195Z] openjdk version "17.0.12" 2024-07-16

[debug] [2024-09-08T19:15:02.195Z] OpenJDK Runtime Environment (build 17.0.12+7-Debian-2deb12u1)
OpenJDK 64-Bit Server VM (build 17.0.12+7-Debian-2deb12u1, mixed mode, sharing)

[debug] [2024-09-08T19:15:02.203Z] Parsed Java major version: 17
[info] i  emulators: Starting emulators: functions, firestore, hosting, storage {"metadata":{"emulator":{"name":"hub"},"message":"Starting emulators: functions, firestore, hosting, storage"}}
[debug] [2024-09-08T19:15:02.213Z] [logging] Logging Emulator only supports listening on one address (127.0.0.1). Not listening on ::1
[debug] [2024-09-08T19:15:02.213Z] [firestore] Firestore Emulator only supports listening on one address (127.0.0.1). Not listening on ::1
[debug] [2024-09-08T19:15:02.213Z] [firestore.websocket] websocket server for firestore only supports listening on one address (127.0.0.1). Not listening on ::1
[debug] [2024-09-08T19:15:02.213Z] [hosting] Hosting Emulator only supports listening on one address (127.0.0.1). Not listening on ::1
[debug] [2024-09-08T19:15:02.213Z] [storage] Storage Emulator only supports listening on one address (127.0.0.1). Not listening on ::1
[debug] [2024-09-08T19:15:02.214Z] assigned listening specs for emulators {"user":{"hub":[{"address":"127.0.0.1","family":"IPv4","port":4400},{"address":"::1","family":"IPv6","port":4400}],"ui":[{"address":"127.0.0.1","family":"IPv4","port":4000},{"address":"::1","family":"IPv6","port":4000}],"logging":[{"address":"127.0.0.1","family":"IPv4","port":4500}],"firestore":[{"address":"127.0.0.1","family":"IPv4","port":8080}],"firestore.websocket":[{"address":"127.0.0.1","family":"IPv4","port":9150}],"hosting":[{"address":"127.0.0.1","family":"IPv4","port":5000}],"storage":[{"address":"127.0.0.1","family":"IPv4","port":9199}]},"metadata":{"message":"assigned listening specs for emulators"}}
[debug] [2024-09-08T19:15:02.217Z] [hub] writing locator at /tmp/hub-card2business.json
[debug] [2024-09-08T19:15:02.224Z] [functions] Functions Emulator only supports listening on one address (127.0.0.1). Not listening on ::1
[debug] [2024-09-08T19:15:02.224Z] [eventarc] Eventarc Emulator only supports listening on one address (127.0.0.1). Not listening on ::1
[debug] [2024-09-08T19:15:02.224Z] [tasks] Cloud Tasks Emulator only supports listening on one address (127.0.0.1). Not listening on ::1
[debug] [2024-09-08T19:15:02.224Z] late-assigned ports for functions and eventarc emulators {"user":{"hub":[{"address":"127.0.0.1","family":"IPv4","port":4400},{"address":"::1","family":"IPv6","port":4400}],"ui":[{"address":"127.0.0.1","family":"IPv4","port":4000},{"address":"::1","family":"IPv6","port":4000}],"logging":[{"address":"127.0.0.1","family":"IPv4","port":4500}],"firestore":[{"address":"127.0.0.1","family":"IPv4","port":8080}],"firestore.websocket":[{"address":"127.0.0.1","family":"IPv4","port":9150}],"hosting":[{"address":"127.0.0.1","family":"IPv4","port":5000}],"storage":[{"address":"127.0.0.1","family":"IPv4","port":9199}],"functions":[{"address":"127.0.0.1","family":"IPv4","port":5001}],"eventarc":[{"address":"127.0.0.1","family":"IPv4","port":9299}],"tasks":[{"address":"127.0.0.1","family":"IPv4","port":9499}]},"metadata":{"message":"late-assigned ports for functions and eventarc emulators"}}
[warn] ⚠  functions: The following emulators are not running, calls to these services from the Functions emulator will affect production: auth, database, pubsub, dataconnect {"metadata":{"emulator":{"name":"functions"},"message":"The following emulators are not running, calls to these services from the Functions emulator will affect production: \u001b[1mauth, database, pubsub, dataconnect\u001b[22m"}}
[debug] [2024-09-08T19:15:02.225Z] defaultcredentials: writing to file /root/.config/firebase/kjaz_kjazeng_com_application_default_credentials.json
[debug] [2024-09-08T19:15:02.227Z] Setting GAC to /root/.config/firebase/kjaz_kjazeng_com_application_default_credentials.json {"metadata":{"emulator":{"name":"functions"},"message":"Setting GAC to /root/.config/firebase/kjaz_kjazeng_com_application_default_credentials.json"}}
[debug] [2024-09-08T19:15:02.229Z] >>> [apiv2][query] GET https://firebase.googleapis.com/v1beta1/projects/card2business/adminSdkConfig [none]
[debug] [2024-09-08T19:15:03.001Z] <<< [apiv2][status] GET https://firebase.googleapis.com/v1beta1/projects/card2business/adminSdkConfig 200
[debug] [2024-09-08T19:15:03.001Z] <<< [apiv2][body] GET https://firebase.googleapis.com/v1beta1/projects/card2business/adminSdkConfig {"projectId":"card2business","storageBucket":"card2business.appspot.com","locationId":"us-central"}
[debug] [2024-09-08T19:15:03.019Z] Ignoring unsupported arg: auto_download {"metadata":{"emulator":{"name":"firestore"},"message":"Ignoring unsupported arg: auto_download"}}
[debug] [2024-09-08T19:15:03.019Z] Ignoring unsupported arg: single_project_mode_error {"metadata":{"emulator":{"name":"firestore"},"message":"Ignoring unsupported arg: single_project_mode_error"}}
[debug] [2024-09-08T19:15:03.020Z] Starting Firestore Emulator with command {"binary":"java","args":["-Dgoogle.cloud_firestore.debug_log_level=FINE","-Duser.language=en","-jar","/root/.cache/firebase/emulators/cloud-firestore-emulator-v1.19.8.jar","--host","127.0.0.1","--port",8080,"--websocket_port",9150,"--project_id","card2business","--rules","/project/workspace/firestore.rules","--single_project_mode",true,"--functions_emulator","127.0.0.1:5001"],"optionalArgs":["port","webchannel_port","host","rules","websocket_port","functions_emulator","seed_from_export","project_id","single_project_mode"],"joinArgs":false,"shell":false} {"metadata":{"emulator":{"name":"firestore"},"message":"Starting Firestore Emulator with command {\"binary\":\"java\",\"args\":[\"-Dgoogle.cloud_firestore.debug_log_level=FINE\",\"-Duser.language=en\",\"-jar\",\"/root/.cache/firebase/emulators/cloud-firestore-emulator-v1.19.8.jar\",\"--host\",\"127.0.0.1\",\"--port\",8080,\"--websocket_port\",9150,\"--project_id\",\"card2business\",\"--rules\",\"/project/workspace/firestore.rules\",\"--single_project_mode\",true,\"--functions_emulator\",\"127.0.0.1:5001\"],\"optionalArgs\":[\"port\",\"webchannel_port\",\"host\",\"rules\",\"websocket_port\",\"functions_emulator\",\"seed_from_export\",\"project_id\",\"single_project_mode\"],\"joinArgs\":false,\"shell\":false}"}}
[info] i  firestore: Firestore Emulator logging to firestore-debug.log {"metadata":{"emulator":{"name":"firestore"},"message":"Firestore Emulator logging to \u001b[1mfirestore-debug.log\u001b[22m"}}
[debug] [2024-09-08T19:15:03.982Z] Sep 08, 2024 7:15:03 PM com.google.cloud.datastore.emulator.firestore.websocket.WebSocketServer start
INFO: Started WebSocket server on ws://127.0.0.1:9150
 {"metadata":{"emulator":{"name":"firestore"},"message":"Sep 08, 2024 7:15:03 PM com.google.cloud.datastore.emulator.firestore.websocket.WebSocketServer start\nINFO: Started WebSocket server on ws://127.0.0.1:9150\n"}}
[debug] [2024-09-08T19:15:04.005Z] API endpoint: http:// {"metadata":{"emulator":{"name":"firestore"},"message":"API endpoint: http://"}}
[debug] [2024-09-08T19:15:04.006Z] 127.0.0.1:8080
If you are using a library that supports the FIRESTORE_EMULATOR_HOST environment variable, run:

   export FIRESTORE_EMULATOR_HOST=127.0.0.1:8080

If you are running a Firestore in Datastore Mode project, run:

   export DATASTORE_EMULATOR_HOST=127.0.0.1:8080

Note: Support for Datastore Mode is in preview. If you encounter any bugs please file at https://github.com/firebase/firebase-tools/issues.
Dev App Server is now running.

 {"metadata":{"emulator":{"name":"firestore"},"message":"127.0.0.1:8080\nIf you are using a library that supports the FIRESTORE_EMULATOR_HOST environment variable, run:\n\n   export FIRESTORE_EMULATOR_HOST=127.0.0.1:8080\n\nIf you are running a Firestore in Datastore Mode project, run:\n\n   export DATASTORE_EMULATOR_HOST=127.0.0.1:8080\n\nNote: Support for Datastore Mode is in preview. If you encounter any bugs please file at https://github.com/firebase/firebase-tools/issues.\nDev App Server is now running.\n\n"}}
[info] ✔  firestore: Firestore Emulator UI websocket is running on 9150. {"metadata":{"emulator":{"name":"firestore"},"message":"Firestore Emulator UI websocket is running on 9150."}}
[debug] [2024-09-08T19:15:04.037Z] Ignoring unsupported arg: port {"metadata":{"emulator":{"name":"storage"},"message":"Ignoring unsupported arg: port"}}
[debug] [2024-09-08T19:15:04.715Z] Temp file directory for storage emulator: /tmp/firebase/storage/blobs {"metadata":{"emulator":{"name":"storage"},"message":"Temp file directory for storage emulator: /tmp/firebase/storage/blobs"}}
[debug] [2024-09-08T19:15:04.721Z] >>> [apiv2][query] GET https://firebasehosting.googleapis.com/v1beta1/projects/card2business/sites 
[debug] [2024-09-08T19:15:05.938Z] <<< [apiv2][status] GET https://firebasehosting.googleapis.com/v1beta1/projects/card2business/sites 200
[debug] [2024-09-08T19:15:05.938Z] <<< [apiv2][body] GET https://firebasehosting.googleapis.com/v1beta1/projects/card2business/sites {"sites":[{"name":"projects/card2business/sites/card2business","defaultUrl":"https://card2business.web.app","appId":"1:1057466957786:web:4b470b94ab40b25a944ae3","type":"DEFAULT_SITE"}]}
[debug] [2024-09-08T19:15:05.939Z] >>> [apiv2][query] GET https://firebase.googleapis.com/v1beta1/projects/card2business/webApps/1:1057466957786:web:4b470b94ab40b25a944ae3/config [none]
[debug] [2024-09-08T19:15:06.478Z] <<< [apiv2][status] GET https://firebase.googleapis.com/v1beta1/projects/card2business/webApps/1:1057466957786:web:4b470b94ab40b25a944ae3/config 200
[debug] [2024-09-08T19:15:06.478Z] <<< [apiv2][body] GET https://firebase.googleapis.com/v1beta1/projects/card2business/webApps/1:1057466957786:web:4b470b94ab40b25a944ae3/config {"projectId":"card2business","appId":"1:1057466957786:web:4b470b94ab40b25a944ae3","storageBucket":"card2business.appspot.com","locationId":"us-central","apiKey":"AIzaSyAEXif6bmBF9y6-PyRZO1sJT3ZoB9g4CzI","authDomain":"card2business.firebaseapp.com","messagingSenderId":"1057466957786","measurementId":"G-XS0N0FPLP6"}
[debug] [2024-09-08T19:15:06.483Z] >>> [apiv2][query] GET https://firebase.googleapis.com/v1beta1/projects/card2business [none]
[debug] [2024-09-08T19:15:06.691Z] <<< [apiv2][status] GET https://firebase.googleapis.com/v1beta1/projects/card2business 200
[debug] [2024-09-08T19:15:06.691Z] <<< [apiv2][body] GET https://firebase.googleapis.com/v1beta1/projects/card2business {"projectId":"card2business","projectNumber":"1057466957786","displayName":"Card2Business","name":"projects/card2business","resources":{"hostingSite":"card2business","storageBucket":"card2business.appspot.com","locationId":"us-central"},"state":"ACTIVE","etag":"1_54742028-f417-497a-8a09-7e5ed394aef3"}
[info] i  hosting[card2business]: Serving hosting files from: dist {"metadata":{"emulator":{"name":"hosting"},"message":"Serving hosting files from: \u001b[1mdist\u001b[22m"}}
[info] ✔  hosting[card2business]: Local server: http://127.0.0.1:5000 {"metadata":{"emulator":{"name":"hosting"},"message":"Local server: \u001b[4m\u001b[1mhttp://127.0.0.1:5000\u001b[22m\u001b[24m"}}
[debug] [2024-09-08T19:15:06.701Z] Ignoring unsupported arg: auto_download {"metadata":{"emulator":{"name":"ui"},"message":"Ignoring unsupported arg: auto_download"}}
[debug] [2024-09-08T19:15:06.702Z] Ignoring unsupported arg: port {"metadata":{"emulator":{"name":"ui"},"message":"Ignoring unsupported arg: port"}}
[debug] [2024-09-08T19:15:06.702Z] Starting Emulator UI with command {"binary":"node","args":["/root/.cache/firebase/emulators/ui-v1.13.0/server/server.mjs"],"optionalArgs":[],"joinArgs":false,"shell":false} {"metadata":{"emulator":{"name":"ui"},"message":"Starting Emulator UI with command {\"binary\":\"node\",\"args\":[\"/root/.cache/firebase/emulators/ui-v1.13.0/server/server.mjs\"],\"optionalArgs\":[],\"joinArgs\":false,\"shell\":false}"}}
[info] i  ui: Emulator UI logging to ui-debug.log {"metadata":{"emulator":{"name":"ui"},"message":"Emulator UI logging to \u001b[1mui-debug.log\u001b[22m"}}
[debug] [2024-09-08T19:15:06.804Z] Web / API server started at 127.0.0.1:4000
 {"metadata":{"emulator":{"name":"ui"},"message":"Web / API server started at 127.0.0.1:4000\n"}}
[debug] [2024-09-08T19:15:06.804Z] Web / API server started at ::1:4000
 {"metadata":{"emulator":{"name":"ui"},"message":"Web / API server started at ::1:4000\n"}}
[info] i  functions: Watching "/project/workspace/functions" for Cloud Functions... {"metadata":{"emulator":{"name":"functions"},"message":"Watching \"/project/workspace/functions\" for Cloud Functions..."}}
[debug] [2024-09-08T19:15:06.915Z] Validating nodejs source
[debug] [2024-09-08T19:15:07.376Z] > [functions] package.json contents: {
  "name": "functions",
  "description": "Cloud Functions for Firebase",
  "scripts": {
    "lint": "eslint .",
    "serve": "firebase emulators:start --only functions",
    "shell": "firebase functions:shell",
    "start": "npm run shell",
    "deploy": "firebase deploy --only functions",
    "logs": "firebase functions:log"
  },
  "engines": {
    "node": "18"
  },
  "main": "index.js",
  "dependencies": {
    "@typescript-eslint/eslint-plugin": "^8.4.0",
    "@typescript-eslint/parser": "^8.4.0",
    "firebase-admin": "^12.1.0",
    "firebase-functions": "^5.0.0",
    "moment": "^2.30.1"
  },
  "devDependencies": {
    "eslint": "^8.57.0",
    "eslint-config-google": "^0.14.0",
    "firebase-functions-test": "^3.1.0"
  },
  "private": true
}
[debug] [2024-09-08T19:15:07.377Z] Building nodejs source
[debug] [2024-09-08T19:15:07.377Z] Failed to find version of module node: reached end of search path /project/workspace/functions/node_modules
[warn] ⚠  functions: Your requested "node" version "18" doesn't match your global version "20". Using node@20 from host. 
[debug] [2024-09-08T19:15:07.379Z] Could not find functions.yaml. Must use http discovery
[debug] [2024-09-08T19:15:07.384Z] Found firebase-functions binary at '/project/workspace/functions/node_modules/.bin/firebase-functions'
[info] Serving at port 8351

[debug] [2024-09-08T19:15:07.669Z] Got response from /__/functions.yaml {"endpoints":{"deleteInactiveUsers":{"platform":"gcfv1","availableMemoryMb":null,"timeoutSeconds":null,"minInstances":null,"maxInstances":null,"ingressSettings":null,"serviceAccountEmail":null,"vpc":null,"scheduleTrigger":{"schedule":"every 24 hours","retryConfig":{"retryCount":null,"maxDoublings":null,"maxRetryDuration":null,"maxBackoffDuration":null,"minBackoffDuration":null},"timeZone":null},"labels":{},"entryPoint":"deleteInactiveUsers"},"deleteOldNotes":{"platform":"gcfv1","availableMemoryMb":null,"timeoutSeconds":null,"minInstances":null,"maxInstances":null,"ingressSettings":null,"serviceAccountEmail":null,"vpc":null,"scheduleTrigger":{"schedule":"every 24 hours","retryConfig":{"retryCount":null,"maxDoublings":null,"maxRetryDuration":null,"maxBackoffDuration":null,"minBackoffDuration":null},"timeZone":null},"labels":{},"entryPoint":"deleteOldNotes"}},"specVersion":"v1alpha1","requiredAPIs":[{"api":"cloudscheduler.googleapis.com","reason":"Needed for scheduled functions."}],"extensions":{}}
[info] ✔  functions: Loaded functions definitions from source: deleteInactiveUsers, deleteOldNotes. {"metadata":{"emulator":{"name":"functions"},"message":"Loaded functions definitions from source: deleteInactiveUsers, deleteOldNotes."}}
[info] i  functions[us-central1-deleteInactiveUsers]: function ignored because the pubsub emulator does not exist or is not running. {"metadata":{"emulator":{"name":"functions"},"message":"function ignored because the pubsub emulator does not exist or is not running."}}
[info] i  functions[us-central1-deleteOldNotes]: function ignored because the pubsub emulator does not exist or is not running. {"metadata":{"emulator":{"name":"functions"},"message":"function ignored because the pubsub emulator does not exist or is not running."}}
[info] 
┌─────────────────────────────────────────────────────────────┐
│ ✔  All emulators ready! It is now safe to connect your app. │
│ i  View Emulator UI at http://127.0.0.1:4000/               │
└─────────────────────────────────────────────────────────────┘

┌───────────┬────────────────┬─────────────────────────────────┐
│ Emulator  │ Host:Port      │ View in Emulator UI             │
├───────────┼────────────────┼─────────────────────────────────┤
│ Functions │ 127.0.0.1:5001 │ http://127.0.0.1:4000/functions │
├───────────┼────────────────┼─────────────────────────────────┤
│ Firestore │ 127.0.0.1:8080 │ http://127.0.0.1:4000/firestore │
├───────────┼────────────────┼─────────────────────────────────┤
│ Hosting   │ 127.0.0.1:5000 │ n/a                             │
├───────────┼────────────────┼─────────────────────────────────┤
│ Storage   │ 127.0.0.1:9199 │ http://127.0.0.1:4000/storage   │
└───────────┴────────────────┴─────────────────────────────────┘
  Emulator Hub running at 127.0.0.1:4400
  Other reserved ports: 4500, 9150

Issues? Report them at https://github.com/firebase/firebase-tools/issues and attach the *-debug.log files.
 
[info] i  hosting: 127.0.0.1 - - [08/Sep/2024:19:16:33 +0000] "GET / HTTP/1.1" 200 987 "https://codesandbox.io/" "Mozilla/5.0 (Windows NT 10.0; Win64; x64) AppleWebKit/537.36 (KHTML, like Gecko) Chrome/128.0.0.0 Safari/537.36" {"metadata":{"emulator":{"name":"hosting"},"message":"127.0.0.1 - - [08/Sep/2024:19:16:33 +0000] \"GET / HTTP/1.1\" 200 987 \"https://codesandbox.io/\" \"Mozilla/5.0 (Windows NT 10.0; Win64; x64) AppleWebKit/537.36 (KHTML, like Gecko) Chrome/128.0.0.0 Safari/537.36\""}}
[info] i  hosting: 127.0.0.1 - - [08/Sep/2024:19:16:33 +0000] "GET /registerSW.js HTTP/1.1" 200 134 "https://nrq2jz-5000.csb.app/" "Mozilla/5.0 (Windows NT 10.0; Win64; x64) AppleWebKit/537.36 (KHTML, like Gecko) Chrome/128.0.0.0 Safari/537.36" {"metadata":{"emulator":{"name":"hosting"},"message":"127.0.0.1 - - [08/Sep/2024:19:16:33 +0000] \"GET /registerSW.js HTTP/1.1\" 200 134 \"https://nrq2jz-5000.csb.app/\" \"Mozilla/5.0 (Windows NT 10.0; Win64; x64) AppleWebKit/537.36 (KHTML, like Gecko) Chrome/128.0.0.0 Safari/537.36\""}}
[info] i  hosting: 127.0.0.1 - - [08/Sep/2024:19:16:33 +0000] "GET /assets/index-BGAortEr.css HTTP/1.1" 200 - "https://nrq2jz-5000.csb.app/" "Mozilla/5.0 (Windows NT 10.0; Win64; x64) AppleWebKit/537.36 (KHTML, like Gecko) Chrome/128.0.0.0 Safari/537.36" {"metadata":{"emulator":{"name":"hosting"},"message":"127.0.0.1 - - [08/Sep/2024:19:16:33 +0000] \"GET /assets/index-BGAortEr.css HTTP/1.1\" 200 - \"https://nrq2jz-5000.csb.app/\" \"Mozilla/5.0 (Windows NT 10.0; Win64; x64) AppleWebKit/537.36 (KHTML, like Gecko) Chrome/128.0.0.0 Safari/537.36\""}}
[info] i  hosting: 127.0.0.1 - - [08/Sep/2024:19:16:33 +0000] "GET /assets/index-CpnO8GdD.js HTTP/1.1" 200 - "https://nrq2jz-5000.csb.app/" "Mozilla/5.0 (Windows NT 10.0; Win64; x64) AppleWebKit/537.36 (KHTML, like Gecko) Chrome/128.0.0.0 Safari/537.36" {"metadata":{"emulator":{"name":"hosting"},"message":"127.0.0.1 - - [08/Sep/2024:19:16:33 +0000] \"GET /assets/index-CpnO8GdD.js HTTP/1.1\" 200 - \"https://nrq2jz-5000.csb.app/\" \"Mozilla/5.0 (Windows NT 10.0; Win64; x64) AppleWebKit/537.36 (KHTML, like Gecko) Chrome/128.0.0.0 Safari/537.36\""}}
[info] i  hosting: 127.0.0.1 - - [08/Sep/2024:19:16:34 +0000] "GET /cardtobee_logo.png HTTP/1.1" 200 39581 "https://nrq2jz-5000.csb.app/" "Mozilla/5.0 (Windows NT 10.0; Win64; x64) AppleWebKit/537.36 (KHTML, like Gecko) Chrome/128.0.0.0 Safari/537.36" {"metadata":{"emulator":{"name":"hosting"},"message":"127.0.0.1 - - [08/Sep/2024:19:16:34 +0000] \"GET /cardtobee_logo.png HTTP/1.1\" 200 39581 \"https://nrq2jz-5000.csb.app/\" \"Mozilla/5.0 (Windows NT 10.0; Win64; x64) AppleWebKit/537.36 (KHTML, like Gecko) Chrome/128.0.0.0 Safari/537.36\""}}
[info] i  hosting: 127.0.0.1 - - [08/Sep/2024:19:16:36 +0000] "GET /manifest.json HTTP/1.1" 200 434 "https://nrq2jz-5000.csb.app/" "Mozilla/5.0 (Windows NT 10.0; Win64; x64) AppleWebKit/537.36 (KHTML, like Gecko) Chrome/128.0.0.0 Safari/537.36" {"metadata":{"emulator":{"name":"hosting"},"message":"127.0.0.1 - - [08/Sep/2024:19:16:36 +0000] \"GET /manifest.json HTTP/1.1\" 200 434 \"https://nrq2jz-5000.csb.app/\" \"Mozilla/5.0 (Windows NT 10.0; Win64; x64) AppleWebKit/537.36 (KHTML, like Gecko) Chrome/128.0.0.0 Safari/537.36\""}}
[info] i  hosting: 127.0.0.1 - - [08/Sep/2024:19:16:36 +0000] "GET /favicon-32x32.png HTTP/1.1" 200 1302 "https://nrq2jz-5000.csb.app/" "Mozilla/5.0 (Windows NT 10.0; Win64; x64) AppleWebKit/537.36 (KHTML, like Gecko) Chrome/128.0.0.0 Safari/537.36" {"metadata":{"emulator":{"name":"hosting"},"message":"127.0.0.1 - - [08/Sep/2024:19:16:36 +0000] \"GET /favicon-32x32.png HTTP/1.1\" 200 1302 \"https://nrq2jz-5000.csb.app/\" \"Mozilla/5.0 (Windows NT 10.0; Win64; x64) AppleWebKit/537.36 (KHTML, like Gecko) Chrome/128.0.0.0 Safari/537.36\""}}
[info] i  hosting: 127.0.0.1 - - [08/Sep/2024:19:16:37 +0000] "GET /cardtobee-192x192.png HTTP/1.1" 200 12634 "https://nrq2jz-5000.csb.app/" "Mozilla/5.0 (Windows NT 10.0; Win64; x64) AppleWebKit/537.36 (KHTML, like Gecko) Chrome/128.0.0.0 Safari/537.36" {"metadata":{"emulator":{"name":"hosting"},"message":"127.0.0.1 - - [08/Sep/2024:19:16:37 +0000] \"GET /cardtobee-192x192.png HTTP/1.1\" 200 12634 \"https://nrq2jz-5000.csb.app/\" \"Mozilla/5.0 (Windows NT 10.0; Win64; x64) AppleWebKit/537.36 (KHTML, like Gecko) Chrome/128.0.0.0 Safari/537.36\""}}
[info] i  hosting: 127.0.0.1 - - [08/Sep/2024:19:16:37 +0000] "GET /sw.js HTTP/1.1" 200 - "https://nrq2jz-5000.csb.app/" "Mozilla/5.0 (Windows NT 10.0; Win64; x64) AppleWebKit/537.36 (KHTML, like Gecko) Chrome/128.0.0.0 Safari/537.36" {"metadata":{"emulator":{"name":"hosting"},"message":"127.0.0.1 - - [08/Sep/2024:19:16:37 +0000] \"GET /sw.js HTTP/1.1\" 200 - \"https://nrq2jz-5000.csb.app/\" \"Mozilla/5.0 (Windows NT 10.0; Win64; x64) AppleWebKit/537.36 (KHTML, like Gecko) Chrome/128.0.0.0 Safari/537.36\""}}
[info] i  hosting: 127.0.0.1 - - [08/Sep/2024:19:16:37 +0000] "GET /workbox-3e911b1d.js HTTP/1.1" 200 - "https://nrq2jz-5000.csb.app/sw.js" "Mozilla/5.0 (Windows NT 10.0; Win64; x64) AppleWebKit/537.36 (KHTML, like Gecko) Chrome/128.0.0.0 Safari/537.36" {"metadata":{"emulator":{"name":"hosting"},"message":"127.0.0.1 - - [08/Sep/2024:19:16:37 +0000] \"GET /workbox-3e911b1d.js HTTP/1.1\" 200 - \"https://nrq2jz-5000.csb.app/sw.js\" \"Mozilla/5.0 (Windows NT 10.0; Win64; x64) AppleWebKit/537.36 (KHTML, like Gecko) Chrome/128.0.0.0 Safari/537.36\""}}
[info] i  hosting: 127.0.0.1 - - [08/Sep/2024:19:16:37 +0000] "GET /index.html HTTP/1.1" 200 987 "https://nrq2jz-5000.csb.app/sw.js" "Mozilla/5.0 (Windows NT 10.0; Win64; x64) AppleWebKit/537.36 (KHTML, like Gecko) Chrome/128.0.0.0 Safari/537.36" {"metadata":{"emulator":{"name":"hosting"},"message":"127.0.0.1 - - [08/Sep/2024:19:16:37 +0000] \"GET /index.html HTTP/1.1\" 200 987 \"https://nrq2jz-5000.csb.app/sw.js\" \"Mozilla/5.0 (Windows NT 10.0; Win64; x64) AppleWebKit/537.36 (KHTML, like Gecko) Chrome/128.0.0.0 Safari/537.36\""}}
[info] i  hosting: 127.0.0.1 - - [08/Sep/2024:19:16:38 +0000] "GET /registerSW.js HTTP/1.1" 200 134 "https://nrq2jz-5000.csb.app/sw.js" "Mozilla/5.0 (Windows NT 10.0; Win64; x64) AppleWebKit/537.36 (KHTML, like Gecko) Chrome/128.0.0.0 Safari/537.36" {"metadata":{"emulator":{"name":"hosting"},"message":"127.0.0.1 - - [08/Sep/2024:19:16:38 +0000] \"GET /registerSW.js HTTP/1.1\" 200 134 \"https://nrq2jz-5000.csb.app/sw.js\" \"Mozilla/5.0 (Windows NT 10.0; Win64; x64) AppleWebKit/537.36 (KHTML, like Gecko) Chrome/128.0.0.0 Safari/537.36\""}}
[info] i  hosting: 127.0.0.1 - - [08/Sep/2024:19:16:38 +0000] "GET /favicon.ico HTTP/1.1" 200 - "https://nrq2jz-5000.csb.app/sw.js" "Mozilla/5.0 (Windows NT 10.0; Win64; x64) AppleWebKit/537.36 (KHTML, like Gecko) Chrome/128.0.0.0 Safari/537.36" {"metadata":{"emulator":{"name":"hosting"},"message":"127.0.0.1 - - [08/Sep/2024:19:16:38 +0000] \"GET /favicon.ico HTTP/1.1\" 200 - \"https://nrq2jz-5000.csb.app/sw.js\" \"Mozilla/5.0 (Windows NT 10.0; Win64; x64) AppleWebKit/537.36 (KHTML, like Gecko) Chrome/128.0.0.0 Safari/537.36\""}}
[info] i  hosting: 127.0.0.1 - - [08/Sep/2024:19:16:38 +0000] "GET /manifest.webmanifest HTTP/1.1" 200 482 "https://nrq2jz-5000.csb.app/sw.js" "Mozilla/5.0 (Windows NT 10.0; Win64; x64) AppleWebKit/537.36 (KHTML, like Gecko) Chrome/128.0.0.0 Safari/537.36" {"metadata":{"emulator":{"name":"hosting"},"message":"127.0.0.1 - - [08/Sep/2024:19:16:38 +0000] \"GET /manifest.webmanifest HTTP/1.1\" 200 482 \"https://nrq2jz-5000.csb.app/sw.js\" \"Mozilla/5.0 (Windows NT 10.0; Win64; x64) AppleWebKit/537.36 (KHTML, like Gecko) Chrome/128.0.0.0 Safari/537.36\""}}
[debug] [2024-09-08T19:17:34.798Z] Eventarc emulator received unknown request at path / {"metadata":{"emulator":{"name":"eventarc"},"message":"Eventarc emulator received unknown request at path /"}}
[debug] [2024-09-08T19:17:35.078Z] Eventarc emulator received unknown request at path /favicon.ico {"metadata":{"emulator":{"name":"eventarc"},"message":"Eventarc emulator received unknown request at path /favicon.ico"}}
[debug] [2024-09-08T19:18:26.043Z] Functions emulator received unknown request at path /
[info] i  hosting: 127.0.0.1 - - [08/Sep/2024:19:22:41 +0000] "GET /sw.js HTTP/1.1" 200 - "https://nrq2jz-5000.csb.app/" "Mozilla/5.0 (Windows NT 10.0; Win64; x64) AppleWebKit/537.36 (KHTML, like Gecko) Chrome/128.0.0.0 Safari/537.36" {"metadata":{"emulator":{"name":"hosting"},"message":"127.0.0.1 - - [08/Sep/2024:19:22:41 +0000] \"GET /sw.js HTTP/1.1\" 200 - \"https://nrq2jz-5000.csb.app/\" \"Mozilla/5.0 (Windows NT 10.0; Win64; x64) AppleWebKit/537.36 (KHTML, like Gecko) Chrome/128.0.0.0 Safari/537.36\""}}
[debug] [2024-09-08T19:23:02.048Z] Functions emulator received unknown request at path /
[info] i  hosting: 127.0.0.1 - - [08/Sep/2024:19:23:15 +0000] "GET /sw.js HTTP/1.1" 200 - "https://nrq2jz-5000.csb.app/" "Mozilla/5.0 (Windows NT 10.0; Win64; x64) AppleWebKit/537.36 (KHTML, like Gecko) Chrome/128.0.0.0 Safari/537.36" {"metadata":{"emulator":{"name":"hosting"},"message":"127.0.0.1 - - [08/Sep/2024:19:23:15 +0000] \"GET /sw.js HTTP/1.1\" 200 - \"https://nrq2jz-5000.csb.app/\" \"Mozilla/5.0 (Windows NT 10.0; Win64; x64) AppleWebKit/537.36 (KHTML, like Gecko) Chrome/128.0.0.0 Safari/537.36\""}}
